1.9090909090909091716525836091  0.909090909090909060630281146587
1.82644628099173544910627242643  0.826446280991735449106272426434
1.75131480090157776174919490586  0.751314800901577650726892443345
1.6830134553650704098970436462  0.683013455365070520919346108712
1.62092132305915503920346054656  0.620921323059154928181158084044
1.56447393005377710650805056503  0.564473930053777106508050565026
1.51315811823070633934662510001  0.513158118230706450368927562522
1.46650738020973303576965918182  0.466507380209733091280810413082
1.42409761837248449722892473801  0.424097618372484608251227200526
1.38554328942953142167482383229  0.385543289429531421674823832291
1.35049389948139220152256712026  0.350493899481392146011415889006
1.31863081771035650646695103205  0.318630817710356450955799800795
1.28966437973668757166478826548  0.289664379736687682687090727995
1.26333125430607973171959201864  0.263331254306079676208440787377
1.23939204936916325117124415556  0.239392049369163334437971002444
1.21762913579014853127091555507  0.217629135790148475759764323811
1.19784466890013496787048552505  0.197844668900134967870485525054
1.17985878990921366771260636597  0.17985878990921358444587951908
1.16350799082655775862349400995  0.163507990826557786379069625582
1.14864362802414343711632227496  0.14864362802414343711632227496
1.13513057093103952865931205451  0.135130570931039473148160823257
1.12284597357367221803770007682  0.122845973573672231915487884635
1.11167815779424739019987100619  0.111678157794247473466597853076
1.10152559799477045565652133519  0.101525597994770427900945719557
1.09229599817706413134033027745  0.0922959981770640203180278149375
1.0839054528882399175415685022  0.0839054528882400146860831569029
1.07627768444385463197932040202  0.0762776844438545487125935551376
1.06934334949441312012652360863  0.069343349494413217271038263334
1.06303940863128465466047600785  0.0630394086312847379272028547348
1.05730855330116790824490635714  0.0573085533011679360004819727692
1.05209868481924351257816852012  0.0520986848192435750282136552869
1.04736244074476680943064366147  0.0473624407447668857584766044511
1.04305676431342453369666145591  0.0430567643134244365521468012048
1.03914251301220406098479998036  0.0391425130122040332292243647316
1.03558410273836720705276093213  0.0355841027383672972583816829228
1.03234918430760669316725852696  0.0323491843076066307172133917902
1.02940834937055147868534277222  0.0294083493705514786853427722235
1.02673486306413774826751250657  0.0267348630641377066341490831292
1.02430442096739793278459274006  0.0243044209673979119679110283414
1.02209492815217983796571843413  0.0220949281521799177629983290672
1.02008629832016350924561720603  0.020086298320163561287321485338
1.01826027120014872551223561459  0.0182602712001486908177660950514
1.01660024654558966972217604052  0.0166002465455897182944333678734
1.01509113322326327555344960274  0.0150911332232633796368581613478
1.01371921202114845250719099568  0.0137192120211485253655769867009
1.01247201092831673463479091879  0.012472010928316840452922953375
1.01133819175301531423372125573  0.0113381917530153090295508278018
1.01030744704819563928310799383  0.0103074470481957346928991725576
1.00937040640745068209582768759  0.00937040640745066648331640379865
1.00851855127950051915775020461  0.00851855127950060589392400345332
1.0077441375268187950808851383  0.00774413752681873176347826515098
1.00704012502438056131381927116  0.00704012502438066452986609178311
1.0064001136585278839419288488  0.00640011365852787613567320690322
1.00581828514411619757140670117  0.00581828514411625048047271846485
1.00528935013101472506491518288  0.00528935013101477276981077224605
1.00480850011910427532768608216  0.00480850011910433864509295531775
1.00437136374464031085551596334  0.0043713637446403073860690113861
1.00397396704058206040599543485  0.00397396704058209770255016834994
1.0036126973096199943569217794  0.00361269730962008846567035114106
1.0032842702814728230720220381  0.00328427028147280745951075431321
1.00298570025588440479680230055  0.00298570025588437010233278101623
1.00271427295989479233639940503  0.0027142729598948816746584178361
1.00246752087263168995434625685  0.00246752087263171033734709958196
1.00224320079330153632213296078  0.00224320079330155453672945853327
1.00203927344845600266864948935  0.0020392734484559584332008519425
1.00185388495314176005024364713  0.00185388495314178021640405535919
1.00168534995740166060329556785  0.00168534995740161831941084091824
1.00153213632491056017670416622  0.00153213632491056191142764220103
1.00139285120446408505756608065  0.0013928512044641470739303468207
1.00126622836769474389484457788  0.00126622836769467905955466324741
1.00115111669790435300342323899  0.00115111669790425369050423931583
1.00104646972536759363947567181  0.00104646972536750321701448651623
1.00095133611397035799939203571  0.000951336113970457420731252629054
1.00086485101270050712685133476  0.000864851012700415728608194232407
1.00078622819336393590106126794  0.000786228193364014288878338643229
1.00071475290305822447578520951  0.000714752903058194768645683403463
1.00064977536641652733351293136  0.000649775366416540669199652935362
1.00059070487856049957997583988  0.000590704878560491448459546237615
1.00053700443505499961815985444  0.000537004435054992137164864285381
1.00048818585005006021049211995  0.000488185850049992827327099975676
1.00044380531822718616297152039  0.000443805318227266177091849819192
1.00040345938020669436241405492  0.000403459380206605566256128359015
1.00036678125473321721017327945  0.000366781254733277762864612769889
1.00033343750430292473652116314  0.000333437504302979759781416779774
1.00030312500391183050396648468  0.000303125003911799766834894720446
1.0002755681853743308096227338  0.000275568185374363389898016984958
1.00025051653215846236832931027  0.000250516532158512133209027350489
1.00022774230196231926015570934  0.000227742301962283752534560443692
1.00020703845632930040210339939  0.000207038456329348838835455182128
1.00018821677848124274134988809  0.00018821677848122620726675768843
1.00017110616225557429004311416  0.000171106162255660185960229324742
1.00015555105659603718493144697  0.000155551056596054694796532613665
1.00014141005145096308126539952  0.000141410051450958798666818205803
1.00012855459222804732632994273  0.000128554592228144362424380187093
1.00011686781111652777553899796  0.000116867811116494870003063022423
1.00010624346465126777161458449  0.000106243464651358966569817676717
1.00009658496786490999852503592  9.65849678648717803984558027963e-05
1.00008780451624068597027417127  8.780451624079252024267228105e-05
1.00007982228749159325786877162  7.98222874916295515364955681648e-05
1.00007256571590152915973703784  7.25657159014814006313398575543e-05
1.0000659688326376528522132503  6.59688326377103555859734984601e-05
1.00005997166603433079501428438  5.99716660342821346655305114748e-05
1.00005451969639480580553936306  5.45196963948019362928600062279e-05
1.00004956336035899511216484825  4.95633603589108493272553934705e-05
1.00004505760032635919287713477  4.50576003262825872173850949576e-05
1.00004096145484200341968517023  4.09614548420750786725079428674e-05
1.00003723768622010403817057522  3.72376862200682527226196227854e-05
1.00003385244201825621246371156  3.38524420182438661114723843504e-05
1.00003077494728920271427341504  3.07749472893126049398600241336e-05
1.00002797722480840647563127277  2.79772248084660017186740127437e-05
1.00002543384073505627895883663  2.54338407349690887753780599301e-05
1.00002312167339546533639804693  2.31216733954264440332408009349e-05
1.00002101970308676648357959493  2.10197030867513115254437139345e-05
1.00001910882098798971640007949  1.91088209879557368263674338449e-05
1.00001737165544368757252868818  1.73716554435961234635708155816e-05
1.00001579241403959485978703015  1.57924140396328373562532393359e-05
1.00001435674003613662819134333  1.43567400360298512180124569371e-05
1.00001305158185083143962401664  1.30515818509362277639873628488e-05
1.00001186507440986694916773558  1.18650744099420250859825212708e-05
1.00001078643128171741238929826  1.0786431281765476426857258696e-05
1.00000980584661980365979161434  9.80584661978679536563450330755e-06
1.00000891440601802351295646076  8.91440601798799517091649591283e-06
1.00000810400547091028045088024  8.10400547089817635006397250619e-06
1.00000736727770078715593626839  7.36727770081652341558264493471e-06
1.00000669752518245303463118034  6.69752518256047567834186862168e-06
1.00000608865925677548602834577  6.08865925687315909155955528931e-06
1.00000553514477896754897301435  5.53514477897559832711210300871e-06
1.00000503194979906140815728577  5.03194979906872567491709843934e-06
1.0000045744998173891104897848  4.57449981733520446598858719134e-06
1.00000415863619762646408162254  4.15863619757745814342619894433e-06
1.00000378057836147860371056595  3.78057836143405274215568805107e-06
1.00000343688941950581750006677  3.43688941948550226185982170435e-06
1.00000312444492678309870825615  3.12444492680500170972272312719e-06
1.00000284040447895428371793969  2.84040447891363757141626987524e-06
1.00000258218588999881148993154  2.58218588992148839327553724865e-06
1.00000234744171812018009859457  2.34744171811044387838235923682e-06
1.00000213403792548305659693142  2.13403792555494894184610170373e-06
1.00000194003447773205550674902  1.94003447777722607976019775222e-06
1.00000176366770698876962342183  1.76366770707020548855322762682e-06
1.00000160333427912107140400622  1.60333427915473206981362801204e-06
1.0000014575766174029780586352  1.45757661741339275223816422666e-06
1.00000132506965222489725420019  1.32506965219399325711961343255e-06
1.00000120460877472972072155244  1.20460877472181197492392609738e-06
1.00000109509888601699856280902  1.09509888611073800501576058775e-06
1.00000099554444199512204249913  9.95544441918852654829514420287e-07
1.00000090504040173300381866284  9.05040401744411446638221251104e-07
1.00000082276400159564389014122  8.2276400158582847234843560269e-07
1.00000074796727411730046242155  7.4796727416893495561146538303e-07
1.00000067997024921773174810369  6.79970249244486236654780742655e-07
1.00000061815477203630564417836  6.18154772040442023697153547251e-07
1.00000056195888364918289425987  5.61958883673129045074336965909e-07
1.0000005108717124890915783908  5.10871712430117227075573090728e-07
1.00000046442882939423668631207  4.64428829481924713385387025466e-07
1.0000004222080267624050975428  4.22208026801749725003199331316e-07
1.00000038382547895565721773892  3.83825478910681515245167461439e-07
1.00000034893225353549439660128  3.4893225355516498979580714522e-07
1.00000031721113957772217872844  3.17211139595604526552632095038e-07
1.00000028837376331303232745995  2.88373763268731339648248083313e-07
1.00000026215796666839707995678  2.62157966607937562247658547232e-07
1.00000023832542428436909176526  2.38325424189034130653466205495e-07
1.00000021665947658178197343659  2.16659476535485561289614913315e-07
1.00000019696316044814921042416  1.96963160486805041279770138452e-07
1.00000017905741866997004763107  1.79057418624368202500840379331e-07
1.00000016277947145759696923051  1.62779471476698356284480489684e-07
1.00000014798133762816689795727  1.47981337706089402772355171668e-07
1.00000013452848879325074449298  1.34528488823717619633210445737e-07
1.00000012229862611512487546861  1.22298626203379646992978695662e-07
1.00000011118056919556806860783  1.1118056927579966464646448604e-07
1.00000010107324488473068413441  1.01073244796181502486421513887e-07
1.00000009188476801647027514264  9.18847679965286314049887576166e-08
1.00000008353160718677088425466  8.35316072695714782827571247975e-08
1.00000007593782469506038523832  7.59378247905195160862229855625e-08
1.00000006903438620753377108485  6.9034386173199555265697332021e-08
1.00000006275853281501042602031  6.27585328847268624075022105425e-08
1.00000005705321171056709772529  5.70532117133880549293352185593e-08
1.00000005186655616107316291163  5.1866556103080046326243889368e-08
1.00000004715141455058358133101  4.7151414639163673064130435442e-08
1.00000004286492250038520523958  4.2864922399239697371300022782e-08
1.00000003896811118231369164278  3.89681112720360867146059569589e-08
1.0000000354255556000993010457  3.54255557018509867191972517037e-08
1.00000003220505062628831183247  3.22050506380463467502193921493e-08
1.00000002927731879154293892498  2.92773187618603137235074245848e-08
1.00000002661574427520463359542  2.66157443289639188596883812672e-08
1.00000002419613109871932010719  2.41961312081490153404135555817e-08
1.00000002199648285738931008382  2.19964829164991039525425641074e-08
1.00000001999680265818426505575  1.99968026513628208726598445852e-08
1.00000001817891148725436778477  1.81789115012389280660544041684e-08
1.00000001652628323078886296571  1.65262831829444782552917582192e-08
1.0000000150238939067293131302  1.50238938026767981131086483618e-08
1.00000001365808532938217467745  1.3658085275160723752613798395e-08
1.00000001241644120852924970677  1.24164411592370209916993712296e-08
1.00000001128767368463456932659  1.12876737811245640867190942708e-08
1.0000000102615216324153379901  1.02615216192041485681587311167e-08
1.00000000932865606984023543191  9.32865601745831672974782600551e-09
1.00000000848059644731335993129  8.48059637950756021221768952154e-09
1.00000000770963315410710947617  7.70963307227959914014984722482e-09
1.00000000700875735226702545333  7.00875733843599899272333041719e-09
1.00000000637159747185478408937  6.37159758039636196867519805833e-09
1.00000000579236147935091594263  5.792361436723964674085986823e-09
1.00000000526578314286041404557  5.26578312429451311448345732463e-09
1.00000000478707562479030457325  4.78707556754046601652280890256e-09
1.00000000435188685088405691204  4.35188687958224123161665350921e-09
1.00000000395626087446032670414  3.95626079962021862468554746499e-09
1.0000000035966007949639333674  3.59660072692747102579743630289e-09
1.00000000326963700558735581581  3.26963702447951870077099945338e-09
1.00000000297239721724906758027  2.97239729498138041146983244316e-09
1.0000000027021793691517359548  2.70217935907398196665058970659e-09
1.00000000245652675978647039301  2.45652669006725633331871791508e-09
1.00000000223320606451693493  2.23320608187932363858770263079e-09
1.00000000203018735156490492955  2.03018734716302152722430296222e-09
1.00000000184562476412963860639  1.84562486105729214708016404692e-09
1.000000001677840755220927349  1.67784078277935645974648492661e-09
1.00000000152530987840293619229  1.52530980252668761548038515573e-09
1.0000000013866452430733033907  1.38664527502426131822205695012e-09
1.00000000126058652405447446654  1.26058661365841934260275120224e-09
1.00000000114598774914043133322  1.14598783059856292593241756299e-09
1.00000000104180708504486574384  1.04180711872596622110396027971e-09
1.00000000094709728948316751485  9.47097380659969235514013034761e-10
1.00000000086099771756664722488  8.60997618781790195304088837214e-10
1.00000000078272521797373428853  7.82725107983445519297269958418e-10
1.00000000071156835979024890548  7.11568279984950425089528794413e-10
1.00000000064688032708204445953  6.46880254531773010320176880338e-10
1.00000000058807292369067454274  5.88072958665248097202363919281e-10
1.00000000053461168825208460476  5.34611780604770922258456967253e-10
1.00000000048601078717069867707  4.86010709640700782018100932524e-10
1.00000000044182790759350609733  4.41827917855182505607915263856e-10
1.00000000040166181491940733395  4.01661743504711349934909045482e-10
1.00000000036514702372869578539  3.65147039549737543851018873562e-10
1.0000000003319517993816134549  3.31951854136125002265443859918e-10
1.00000000030177438326006722491  3.01774412851022719932442002732e-10
1.00000000027434032823236975673  2.74340375319111516576048834698e-10
1.00000000024940027820719024021  2.4940034119919227369673849939e-10
1.00000000022672752564290021837  2.2672758290835659130207615576e-10
1.00000000020611601314612926217  2.06115984462142334579655843369e-10
1.00000000018737811302571572014  1.87378167692856651350072676156e-10
1.00000000017034373911428701831  1.7034378881168784841408797869e-10
1.00000000015485790427760548482  1.54857989828807125522118474343e-10
1.00000000014078005428075357486  1.4077999075346102085198096374e-10
1.00000000012798184734208462032  1.27981809775873634170478396079e-10
1.00000000011634715413322282984  1.16347099796248752461936236826e-10
1.00000000010577005937761896348  1.05770090723862497538234007608e-10
1.00000000009615463980594540772  9.61546279307840804463145980087e-11
1.00000000008741318779925677518  8.74132981188946138876688814111e-11
1.00000000007946665547819975473  7.9466634653540558079698983101e-11
1.00000000007224243425696386112  7.2242395139582314952246926431e-11
1.00000000006567479893249128509  6.56749046723475543476073617951e-11
1.00000000005970446359526704327  5.9704458793043230050125140619e-11
1.00000000005427680527247957798  5.42767807209483862547693746933e-11
1.00000000004934253006183553225  4.93425279281348907203825810207e-11
1.00000000004485678495314004977  4.48568435710317158992802847595e-11
1.00000000004077893578369184979  4.07789487009379170824517233017e-11
1.00000000003707167905986352707  3.7071771546307192060307310262e-11
1.00000000003370170809091632691  3.37016104966429001105479541735e-11
1.00000000003063793663216074492  3.06378277242208176948300914695e-11
1.00000000002785260910798115219  2.78525706583825597782959370894e-11
1.00000000002532041243341609515  2.53205187803477801479170938153e-11
1.00000000002301869805876322062  2.30186534366797989594976242738e-11
1.00000000002092614970194972557  2.0926048578799815767191354892e-11
1.00000000001902367152695205732  1.90236805261816504037035710122e-11
1.00000000001729416609919098846  1.72942550238014983108014396023e-11
1.0000000000157220902963217668  1.57220500216377257370922178203e-11
1.00000000001429278917441934027  1.42927727469433861524908522588e-11
1.00000000001299338414639805706  1.29934297699485325721576595275e-11
1.0000000000118121068481968905  1.18122088817713929536729388627e-11
1.00000000001073829913877943909  1.07383717107012648528052772455e-11
1.00000000000976219105552900146  9.7621561006375133556786944148e-12
1.00000000000887467876964365132  8.8746873642159200574627157279e-12
1.00000000000806799071995101258  8.06789760383265474456493556106e-12
1.00000000000733435534527870914  7.33445236712059522233175960096e-12
1.00000000000666777744129376515  6.66768397010963187343004201064e-12
1.00000000000606159566984842968  6.06153088191784679048478048862e-12
1.00000000000551048096042450197  5.51048261992531445628350622515e-12
1.00000000000500954833171363134  5.00952965447755830287825404239e-12
1.00000000000455413484701239213  4.55411786770687089069166114897e-12
1.00000000000414002165882720874  4.14010715246079142506748579131e-12
1.00000000000376365605347928067  3.76373377496435562066310518856e-12
1.00000000000342148531728980743  3.42157615905850481595061673639e-12
1.00000000000311062287039476359  3.11052378096227677494864691868e-12
1.00000000000282773804372027371  2.82774889178388772020081680679e-12
1.00000000000257061039121708745  2.57068081071262483300366666694e-12
1.00000000000233701946683595452  2.33698255519329500898749080765e-12
1.00000000000212452277992269956  2.12452959563026796968129156705e-12
1.00000000000193134397363792232  1.9313905414820618273372453767e-12
1.00000000000175570669114222255  1.75580958316551051345848738104e-12
1.00000000000159627866480605007  1.59619053015046390119568770073e-12
1.0000000000014510614931850796  1.45108230013678532800546304856e-12
1.000000000001319166997859611  1.31916572739707740568355498694e-12
1.00000000000119926291120009409  1.19924157036097942299443330875e-12
1.00000000000109023901018190372  1.09021960941907205585065447226e-12
1.00000000000099120711638533976  9.91108735835520032414377544185e-13
1.00000000000090105700678577705  9.01007941668654483127437887178e-13
1.0000000000008191225475684405  8.19098128789685811136965096107e-13
1.00000000000074473760491855501  7.44634662536077973406624317083e-13
1.00000000000067701400041642046  6.76940602305525421190186118412e-13
1.00000000000061550764485218679  6.15400547550477582191663112528e-13
1.0000000000005595524044110789  5.59455043227706819465733107179e-13
1.00000000000050870418988324673  5.08595493843369826698466836681e-13
1.00000000000046229686745391518  4.62359539857608933362242578801e-13
1.00000000000042033043712308427  4.20326854416008093699985289377e-13
1.00000000000038213876507597888  3.82115322196370943785615965289e-13
1.00000000000034727776210274897  3.473775656330644438634620343e-13
1.00000000000031574742820339452  3.15797786939149443934231187946e-13
1.00000000000028710367416806548  2.87088897217408557856338570417e-13
1.00000000000026090241078691179  2.60989906561280502552389797275e-13
1.00000000000023736568266485847  2.37263551419345874693374045418e-13
1.0000000000002156053113822054  2.1569413765395076534250944384e-13
1.00000000000019606538614880265  1.96085579685409782085272409477e-13
1.00000000000017830181775480014  1.78259617895827063148634478128e-13
1.00000000000016209256159527285  1.62054198087115502773831719363e-13
1.00000000000014721557306529576  1.47321998261014084251283756849e-13
1.00000000000013389289676979388  1.33929089328194608277413069642e-13
1.00000000000012168044349891716  1.2175371757108598687110818116e-13
1.00000000000011057821325266559  1.10685197791896347111271261587e-13
1.00000000000010058620603103918  1.00622907083542129147783152884e-13
1.0000000000000914823772291129  9.14753700759473809548759691412e-14
1.00000000000008326672684688674  8.31594273417703440277464294855e-14
1.00000000000007549516567451064  7.55994794016094025141536192108e-14
1.00000000000006883382752675971  6.87267994560085465927056098701e-14
1.0000000000000623945339839338  6.24789085963714071408027802034e-14
1.00000000000005684341886080801  5.67990078148830951058617122692e-14
1.00000000000005173639294753229  5.16354616498937211023595815807e-14
1.00000000000004685141163918161  4.6941328772630654400165575661e-14
1.00000000000004263256414560601  4.26739352478460431438087361056e-14
1.00000000000003885780586188048  3.87944865889509471651193525018e-14
1.00000000000003530509218307998  3.52677150808644957016847090649e-14
1.00000000000003197442310920451  3.20615591644222670985623059404e-14
1.0000000000000290878432451791  2.91468719676566041583703720301e-14
1.00000000000002642330798607873  2.64971563342332736390243192237e-14
1.00000000000002398081733190338  2.40883239402120649365579860044e-14
1.0000000000000219824158875781  2.18984763092836936757198304309e-14
1.00000000000001998401444325282  1.99077057357124465012408488397e-14
1.00000000000001820765760385257  1.80979143051931311749366492917e-14
1.00000000000001643130076445232  1.64526493683573893954885368146e-14
1.0000000000000148769885299771  1.49569539712339877778084345627e-14
1.00000000000001354472090042691  1.35972308829399884586289922092e-14
1.00000000000001243449787580175  1.23611189844908977381780963127e-14
1.0000000000000113242748511766  1.12373808949917250730962866077e-14
1.00000000000001021405182655144  1.02158008136288405452543122501e-14
1.00000000000000932587340685131  9.28709164875349140477664750009e-15
1.00000000000000843769498715119  8.44281058977590070335265756662e-15
1.0000000000000077715611723761  7.67528235434172705156324663764e-15
1.00000000000000688338275267597  6.97752941303793303780766539884e-15
1.00000000000000643929354282591  6.34320855730721170912316759513e-15
1.00000000000000577315972805081  5.76655323391564679314990548075e-15
1.00000000000000532907051820075  5.24232112174149658267933802367e-15
1.00000000000000466293670342566  4.76574647431045079336774847706e-15
1.00000000000000444089209850063  4.33249679482768189399357616195e-15
1.00000000000000399680288865056  3.93863344984334724807242425823e-15
1.0000000000000035527136788005  3.58057586349395197198757612375e-15
1.00000000000000333066907387547  3.255068966812683288181971613e-15
1.00000000000000288657986402541  2.95915360619334826451522300704e-15
1.00000000000000266453525910038  2.69013964199395286016917020354e-15
1.00000000000000244249065417534  2.44558149272177514813994899844e-15
1.00000000000000222044604925031  2.22325590247434082861970675649e-15
1.00000000000000199840144432528  2.02114172952212781087403199108e-15
1.00000000000000177635683940025  1.83740157229284350028825204739e-15
1.00000000000000177635683940025  1.67036506572076669294326693974e-15
1.00000000000000155431223447522  1.51851369610978768753181397585e-15
1.00000000000000133226762955019  1.3804669964634431550864227637e-15
1.00000000000000133226762955019  1.25496999678494823316255419188e-15
1.00000000000000111022302462516  1.14088181525904375868631003569e-15
1.00000000000000111022302462516  1.03716528659913061800019955781e-15
1.00000000000000088817841970013  9.42877533271936782025471376005e-16
1.00000000000000088817841970013  8.57161393883578856893114649958e-16
1.00000000000000088817841970013  7.79237630803253425587511647813e-16
1.00000000000000066613381477509  7.08397846184775823514535470262e-16
1.00000000000000066613381477509  6.43998041986159740951055456702e-16
1.00000000000000066613381477509  5.85452765441963338114296590785e-16
1.00000000000000044408920985006  5.32229786765421216467542355259e-16
1.00000000000000044408920985006  4.8384526069583746951594759569e-16
1.00000000000000044408920985006  4.39859327905306759093893629337e-16
1.00000000000000044408920985006  3.99872116277551549872460359448e-16
1.00000000000000044408920985006  3.63520105706864996034793750458e-16
1.00000000000000022204460492503  3.3047282336987722430089743104e-16
1.00000000000000022204460492503  3.00429839427161072661337738508e-16
1.00000000000000022204460492503  2.73118035842873666562084070416e-16
1.00000000000000022204460492503  2.48289123493521497127783127173e-16
1.00000000000000022204460492503  2.25717384994110438487855594799e-16
1.00000000000000022204460492503  2.05197622721918573720258734866e-16
1.00000000000000022204460492503  1.86543293383562319575950705022e-16
1.00000000000000022204460492503  1.6958481216687482029056218483e-16
1.00000000000000022204460492503  1.54168011060795273244581413004e-16
1.00000000000000022204460492503  1.40152737327995702949619466367e-16
1.00000000000000022204460492503  1.27411579389086980270651071101e-16
1.00000000000000022204460492503  1.15828708535533604981371907461e-16
1  1.05298825941394181864537499845e-16
1  9.57262054012674335765062201941e-17
1  8.70238230920612942870408226649e-17
1  7.91125664473284392669857663586e-17
1  7.19205149521167584878228261157e-17
1  6.53822863201061395976746986222e-17
1  5.94384421091873940315444332573e-17
1  5.40349473719885361067830525726e-17
1  4.91226794290804845684501286846e-17
1  4.46569812991640757598681493425e-17
1  4.05972557265127944645230933916e-17
1  3.69065961150116268492203961457e-17
1  3.35514510136469329390207399471e-17
1  3.05013191033153913398458283013e-17
1  2.77284719121048989769595449869e-17
1  2.52077017382771778066571298776e-17
1  2.29160924893428858336549343237e-17
1  2.08328113539480752292427484583e-17
1  1.89389194126800672696796218641e-17
1  1.72171994660727878667109451456e-17
1  1.56519995146116228121562047527e-17
1  1.42290904678287454898337134864e-17
1  1.29355367889352226123055738932e-17
1  1.17595788990320191559651076213e-17
1  1.06905262718472887411101382832e-17
1  9.71866024713389759494598029488e-18
1  8.83514567921263333681782453546e-18
1  8.03195061746602988599512534775e-18
1  7.30177328860548171454102304341e-18
1  6.6379757169140738657434876277e-18
1  6.0345233790127941432679059325e-18
1  5.48593034455708481441702763828e-18
1  4.98720940414280423667512007937e-18
1  4.53382673103891245219521422813e-18
1  4.12166066458082894172512002201e-18
1  3.74696424052802568035485458419e-18
1  3.40633112775275030335224054044e-18
1  3.09666466159340926163313079746e-18
1  2.81514969235764450316758154137e-18
1  2.55922699305240391870417009331e-18
1  2.32656999368400328232307181032e-18
1  2.11506363062182095564679862169e-18
1  1.92278511874710985462818359859e-18
1  1.74798647158828154595798913419e-18
1  1.58907861053480137039944567859e-18
1  1.44461691866800115827540769021e-18
1  1.31328810788000100045228123508e-18
1  1.19389827989090993037734859963e-18
1  1.08536207262809979663904822605e-18
1  9.86692793298272437348410511648e-19
1  8.96993448452974820484831276856e-19
1  8.15448589502704347242029444646e-19
1  7.41316899547912990421937375481e-19
1  6.73924454134466319912125897942e-19
1  6.12658594667696628202887938303e-19
1  5.5696235878881506402271782426e-19
1  5.06329417080740906013790700643e-19
1  4.60299470073400823648900636948e-19
1  4.18454063703091618468615352941e-19
1  3.80412785184628735308150573641e-19
1  3.45829804713298841525909865186e-19
1  3.14390731557544383878736746649e-19
1  2.85809755961403959081625073491e-19
1  2.59827050874003555393978603464e-19
1  2.36206409885457773253776129542e-19
1  2.14733099895870674506740484772e-19
1  1.95211908996246045847832890847e-19
1  1.77465371814769126023268726722e-19
1  1.6133215619524464032414259306e-19
1  1.4666559654113148682665248372e-19
1  1.33332360491937693411389253527e-19
1  1.21211236810852428858797617428e-19
1  1.10192033464411296773986533585e-19
1  1.0017457587673752939046540971e-19
1  9.10677962515795623246449750287e-20
1  8.27889056832541431907455582369e-20
1  7.52626415302310316043655014025e-20
1  6.8420583209300931256480190864e-20
1  6.22005301902735629267436713125e-20
1  5.65459365366123310276817150496e-20
1  5.14053968514657532911538950596e-20
1  4.67321789558779515188815556622e-20
1  4.24837990507981317259067016646e-20
1  3.86216355007255721077220647096e-20
1  3.51105777279323328083554440905e-20
1  3.19187070253930276372209214604e-20
1  2.90170063867209320270986281603e-20
1  2.63790967152008442880968511316e-20
1  2.39809970138189474378281585982e-20
1  2.18009063761990406631719766397e-20
1  1.98190057965445813267870558161e-20
1  1.80172779968587078349527922923e-20
1  1.63793436335079153928846644189e-20
1  1.48903123940981046290528278258e-20
1  1.35366476309982761147937876312e-20
1  1.23060433009075220993040588801e-20
1  1.11873120917341100418737459485e-20
1  1.01702837197582803516160909007e-20
1  9.24571247250752759237826445514e-21
1  8.40519315682502494719544322717e-21
1  7.64108468802274913128707435969e-21
1  6.94644062547522593584906067152e-21
1  6.31494602315929603174773351002e-21
1  5.74086002105390493626784171728e-21
1  5.21896365550354932653008694876e-21
1  4.74451241409413506746700220227e-21
1  4.31319310372194069685495308342e-21
1  3.92108463974721840496829306151e-21
1  3.56462239977019841318637832387e-21
1  3.24056581797290723799686146192e-21
1  2.94596892542991560251383909936e-21
1  2.67815356857265051354365443004e-21
1  2.43468506233877285216860196992e-21
1  2.21335005667161141022004378129e-21
1  2.01213641515601030453491393514e-21
1  1.82921492286910017426132386928e-21
1  1.66292265715372731145996052471e-21
1  1.51174787013975194744434000573e-21
1  1.37431624558159254271005736407e-21
1  1.24937840507417488494442804151e-21
1  1.1357985500674315768010464875e-21
1  1.03254413642493774579756149821e-21
1  9.38676487659034314361419543831e-22
1  8.53342261508212978859636652288e-22
1  7.75765692280193582948924932705e-22
1  7.05241538436539603764559381407e-22
1  6.41128671305945000291869553678e-22
1  5.82844246641768122240169006937e-22
1  5.29858406037971011669285636689e-22
1  4.81689460034519075870382924504e-22
1  4.37899509122290077522125210075e-22
1  3.98090462838445495098439442773e-22
1  3.619004207622231431660183786e-22
1  3.29000382511111931234644332221e-22
1  2.9909125682828354820252719317e-22
1  2.71901142571166827806098151688e-22
1  2.47182856882878895898455929168e-22
1  2.2471168807534442516962864494e-22
1  2.04283352795767650696067125783e-22
1  1.85712138905243312402819109863e-22
1  1.6882921718658481449627108941e-22
1  1.53481106533258915857549985887e-22
1  1.39528278666599001592379796382e-22
1  1.26843889696908170442225078649e-22
1  1.15312626997189241582043341237e-22
1  1.04829660906535665616444122417e-22
1  9.52996917332142339890760606006e-23
1  8.66360833938311175337260521013e-23
1  7.87600758125737400065845451222e-23
1  7.16000689205215722064867161106e-23
1  6.50909717459286988000033305852e-23
1  5.91736106781169903600441127335e-23
1  5.37941915255608981900503737172e-23
1  4.89038104777826304437027003892e-23
1  4.44580095252569303552150867777e-23
1  4.04163722956881174361097599595e-23
1  3.67421566324437415207893033873e-23
1  3.34019605749488521877809777357e-23
1  3.03654187044989511911902032948e-23
1  2.76049260949990449344987973285e-23
1  2.50953873590900373764928701419e-23
1  2.28139885082636679378459825379e-23
1  2.07399895529669700511138358375e-23
1  1.88545359572426995121515094785e-23
1  1.71404872338569992893435652481e-23
1  1.55822611216881787677102508163e-23
1  1.41656919288074347090573412774e-23
1  1.28779017534613032123299913229e-23
1  1.17071834122375474397931221394e-23
1  1.06428940111250417912956214651e-23
1  9.67535819193185577316839991518e-24
1  8.79578017448350444686148799861e-24
1  7.99616379498500284039122120321e-24
1  7.26923981362272958774330317967e-24
1  6.60839983056611700556594551178e-24
1  6.00763620960556031304579379477e-24
1  5.46148746327778156845328943966e-24
1  4.96498860297980082476156100193e-24
1  4.51362600270890970711342468104e-24
1  4.10329636609900849070130913552e-24
1  3.73026942372637128839355655375e-24
1  3.39115402156942824362578706779e-24
1  3.08286729233584369086799522892e-24
1  2.80260662939622143696854530848e-24
1  2.54782420854201915420596425138e-24
1  2.31620382594729007339778847726e-24
1  2.10563984177026353611526923753e-24
1  1.91421803797296678422442937376e-24
1  1.74019821633906061274712180379e-24
1  1.58199837849005495222111701764e-24
1  1.4381803440818680381986560255e-24
1  1.30743667643806170263160267374e-24
1  1.18857879676187420833018704304e-24
1  1.08052617887443109848198822095e-24
1  9.82296526249482750012355722324e-25
1  8.92996842044984334890413594475e-25
1  8.11815310949985683853151865712e-25
1  7.38013919045441463986140853926e-25
1  6.70921744586764883773313359941e-25
1  6.09928858715240728292151652499e-25
1  5.54480780650218818855911641001e-25
1  5.04073436954744305639968271645e-25
1  4.58248579049767492141019055501e-25
1  4.16589617317970380611474662825e-25
1  3.78717833925427597866000566661e-25
1  3.44288939932206857058820792606e-25
1  3.12989945392915307901565055462e-25
1  2.84536313993559345773560189149e-25
1  2.58669376357781202558805590592e-25
1  2.35153978507073795461960675632e-25
1  2.1377634409733980570764641803e-25
1  1.94342130997581616506361427848e-25
1  1.76674664543255994134079443954e-25
1  1.60613331402959992580174581822e-25
1  1.46012119457236342280875231067e-25
